\BOOKMARK [1][-]{section.1}{\376\377\000A\000u\000f\000g\000a\000b\000e}{}% 1
\BOOKMARK [2][-]{subsection.1.1}{\376\377\000F\000r\000a\000g\000e\000-\000\040\000b\000z\000w\000.\000\040\000A\000u\000f\000g\000a\000b\000e\000n\000s\000t\000e\000l\000l\000u\000n\000g}{section.1}% 2
\BOOKMARK [2][-]{subsection.1.2}{\376\377\000T\000e\000i\000l\000a\000u\000f\000g\000a\000b\000e\000\040\0001}{section.1}% 3
\BOOKMARK [3][-]{section*.4}{\376\377\000F\000r\000a\000g\000e\000-\000\040\000b\000z\000w\000.\000\040\000A\000u\000f\000g\000a\000b\000e\000n\000s\000t\000e\000l\000l\000u\000n\000g}{subsection.1.2}% 4
\BOOKMARK [3][-]{section*.5}{\376\377\000L\000\366\000s\000u\000n\000g}{subsection.1.2}% 5
\BOOKMARK [3][-]{section*.7}{\376\377\000E\000r\000g\000e\000b\000n\000i\000s}{subsection.1.2}% 6
\BOOKMARK [2][-]{subsection.1.3}{\376\377\000T\000e\000i\000l\000a\000u\000f\000g\000a\000b\000e\000\040\0002}{section.1}% 7
\BOOKMARK [3][-]{section*.8}{\376\377\000F\000r\000a\000g\000e\000-\000\040\000b\000z\000w\000.\000\040\000A\000u\000f\000g\000a\000b\000e\000n\000s\000t\000e\000l\000l\000u\000n\000g}{subsection.1.3}% 8
\BOOKMARK [3][-]{section*.9}{\376\377\000L\000\366\000s\000u\000n\000g}{subsection.1.3}% 9
\BOOKMARK [2][-]{subsection.1.4}{\376\377\000T\000e\000i\000l\000a\000u\000f\000g\000a\000b\000e\000\040\0003}{section.1}% 10
\BOOKMARK [3][-]{section*.11}{\376\377\000F\000r\000a\000g\000e\000-\000\040\000b\000z\000w\000.\000\040\000A\000u\000f\000g\000a\000b\000e\000n\000s\000t\000e\000l\000l\000u\000n\000g}{subsection.1.4}% 11
\BOOKMARK [3][-]{section*.12}{\376\377\000L\000\366\000s\000u\000n\000g}{subsection.1.4}% 12
\BOOKMARK [3][-]{section*.15}{\376\377\000E\000r\000g\000e\000b\000n\000i\000s}{subsection.1.4}% 13
\BOOKMARK [2][-]{subsection.1.5}{\376\377\000T\000e\000i\000l\000a\000u\000f\000g\000a\000b\000e\000\040\0004}{section.1}% 14
\BOOKMARK [3][-]{section*.16}{\376\377\000F\000r\000a\000g\000e\000-\000\040\000b\000z\000w\000.\000\040\000A\000u\000f\000g\000a\000b\000e\000n\000s\000t\000e\000l\000l\000u\000n\000g}{subsection.1.5}% 15
\BOOKMARK [3][-]{section*.17}{\376\377\000L\000\366\000s\000u\000n\000g}{subsection.1.5}% 16
\BOOKMARK [3][-]{section*.18}{\376\377\000E\000r\000g\000e\000b\000n\000i\000s}{subsection.1.5}% 17
\BOOKMARK [2][-]{subsection.1.6}{\376\377\000T\000e\000i\000l\000a\000u\000f\000g\000a\000b\000e\000\040\0005}{section.1}% 18
\BOOKMARK [3][-]{section*.19}{\376\377\000F\000r\000a\000g\000e\000-\000\040\000b\000z\000w\000.\000\040\000A\000u\000f\000g\000a\000b\000e\000n\000s\000t\000e\000l\000l\000u\000n\000g}{subsection.1.6}% 19
\BOOKMARK [3][-]{section*.21}{\376\377\000L\000\366\000s\000u\000n\000g}{subsection.1.6}% 20
\BOOKMARK [1][-]{section.2}{\376\377\000Q\000u\000e\000l\000l\000e\000n}{}% 21
