\BOOKMARK [1][-]{section.1}{\376\377\000A\000u\000f\000g\000a\000b\000e\000\040\0001\000\040\000-\000\040\000F\000i\000r\000e\000w\000a\000l\000l\000\040\000m\000i\000t\000\040\000I\000P\000T\000a\000b\000l\000e\000s}{}% 1
\BOOKMARK [2][-]{subsection.1.1}{\376\377\000T\000e\000i\000l\000a\000u\000f\000g\000a\000b\000e\000\040\000a\000\051}{section.1}% 2
\BOOKMARK [3][-]{section*.4}{\376\377\000F\000r\000a\000g\000e\000-\000\040\000b\000z\000w\000.\000\040\000A\000u\000f\000g\000a\000b\000e\000n\000s\000t\000e\000l\000l\000u\000n\000g}{subsection.1.1}% 3
\BOOKMARK [3][-]{section*.5}{\376\377\000L\000\366\000s\000u\000n\000g}{subsection.1.1}% 4
\BOOKMARK [3][-]{section*.7}{\376\377\000E\000r\000g\000e\000b\000n\000i\000s}{subsection.1.1}% 5
\BOOKMARK [2][-]{subsection.1.2}{\376\377\000T\000e\000i\000l\000a\000u\000f\000g\000a\000b\000e\000\040\000b\000\051}{section.1}% 6
\BOOKMARK [3][-]{section*.8}{\376\377\000F\000r\000a\000g\000e\000-\000\040\000b\000z\000w\000.\000\040\000A\000u\000f\000g\000a\000b\000e\000n\000s\000t\000e\000l\000l\000u\000n\000g}{subsection.1.2}% 7
\BOOKMARK [3][-]{section*.9}{\376\377\000L\000\366\000s\000u\000n\000g}{subsection.1.2}% 8
\BOOKMARK [3][-]{section*.10}{\376\377\000E\000r\000g\000e\000b\000n\000i\000s}{subsection.1.2}% 9
\BOOKMARK [2][-]{subsection.1.3}{\376\377\000T\000e\000i\000l\000a\000u\000f\000g\000a\000b\000e\000\040\000d\000\051}{section.1}% 10
\BOOKMARK [3][-]{section*.11}{\376\377\000F\000r\000a\000g\000e\000-\000\040\000b\000z\000w\000.\000\040\000A\000u\000f\000g\000a\000b\000e\000n\000s\000t\000e\000l\000l\000u\000n\000g}{subsection.1.3}% 11
\BOOKMARK [3][-]{section*.12}{\376\377\000L\000\366\000s\000u\000n\000g}{subsection.1.3}% 12
\BOOKMARK [3][-]{section*.15}{\376\377\000E\000r\000g\000e\000b\000n\000i\000s}{subsection.1.3}% 13
\BOOKMARK [2][-]{subsection.1.4}{\376\377\000T\000e\000i\000l\000a\000u\000f\000g\000a\000b\000e\000\040\000e\000\051}{section.1}% 14
\BOOKMARK [3][-]{section*.16}{\376\377\000F\000r\000a\000g\000e\000-\000\040\000b\000z\000w\000.\000\040\000A\000u\000f\000g\000a\000b\000e\000n\000s\000t\000e\000l\000l\000u\000n\000g}{subsection.1.4}% 15
\BOOKMARK [3][-]{section*.17}{\376\377\000L\000\366\000s\000u\000n\000g}{subsection.1.4}% 16
\BOOKMARK [3][-]{section*.18}{\376\377\000E\000r\000g\000e\000b\000n\000i\000s}{subsection.1.4}% 17
\BOOKMARK [2][-]{subsection.1.5}{\376\377\000T\000e\000i\000l\000a\000u\000f\000g\000a\000b\000e\000\040\000f\000\051}{section.1}% 18
\BOOKMARK [3][-]{section*.19}{\376\377\000F\000r\000a\000g\000e\000-\000\040\000b\000z\000w\000.\000\040\000A\000u\000f\000g\000a\000b\000e\000n\000s\000t\000e\000l\000l\000u\000n\000g}{subsection.1.5}% 19
\BOOKMARK [3][-]{section*.20}{\376\377\000L\000\366\000s\000u\000n\000g}{subsection.1.5}% 20
\BOOKMARK [3][-]{section*.22}{\376\377\000E\000r\000g\000e\000b\000n\000i\000s}{subsection.1.5}% 21
\BOOKMARK [2][-]{subsection.1.6}{\376\377\000T\000e\000i\000l\000a\000u\000f\000g\000a\000b\000e\000\040\000g\000\051}{section.1}% 22
\BOOKMARK [3][-]{section*.23}{\376\377\000F\000r\000a\000g\000e\000-\000\040\000b\000z\000w\000.\000\040\000A\000u\000f\000g\000a\000b\000e\000n\000s\000t\000e\000l\000l\000u\000n\000g}{subsection.1.6}% 23
\BOOKMARK [3][-]{section*.24}{\376\377\000L\000\366\000s\000u\000n\000g}{subsection.1.6}% 24
\BOOKMARK [1][-]{section.2}{\376\377\000Q\000u\000e\000l\000l\000e\000n}{}% 25
