C:\Program Files (x86)\Microsoft Visual Studio\2019\Community\MSBuild\Microsoft\VC\v160\Microsoft.CppBuild.targets(411,5): warning MSB8028: Das Zwischenverzeichnis (x64\Debug\) enthält freigegebene Dateien aus einem anderen Projekt (Blatt01.vcxproj). Dies kann zu einem falschen Bereinigungs- und Neuerstellungsverhalten führen.
  main.cpp
F:\Info\GitHub\FHProjekteEtc\Blatt02Lösung\main.cpp(70): warning C4244: "Initialisierung": Konvertierung von "float" in "int", möglicher Datenverlust
F:\Info\GitHub\FHProjekteEtc\Blatt02Lösung\main.cpp(323): warning C4244: "=": Konvertierung von "double" in "float", möglicher Datenverlust
libglew32d.lib(glew.obj) : warning LNK4099: PDB "glew_s.pdb" wurde nicht mit "libglew32d.lib(glew.obj)" oder an "F:\Info\GitHub\FHProjekteEtc\Blatt02L÷sung\x64\Debug\glew_s.pdb" gefunden; Objekt wird verkn³pft, als ob keine Debuginformationen vorhanden wõren.
freeglut_staticd.lib(fg_callbacks.obj) : warning LNK4099: PDB "freeglut_static.pdb" wurde nicht mit "freeglut_staticd.lib(fg_callbacks.obj)" oder an "F:\Info\GitHub\FHProjekteEtc\Blatt02L÷sung\x64\Debug\freeglut_static.pdb" gefunden; Objekt wird verkn³pft, als ob keine Debuginformationen vorhanden wõren.
freeglut_staticd.lib(fg_cursor.obj) : warning LNK4099: PDB "freeglut_static.pdb" wurde nicht mit "freeglut_staticd.lib(fg_cursor.obj)" oder an "F:\Info\GitHub\FHProjekteEtc\Blatt02L÷sung\x64\Debug\freeglut_static.pdb" gefunden; Objekt wird verkn³pft, als ob keine Debuginformationen vorhanden wõren.
freeglut_staticd.lib(fg_display.obj) : warning LNK4099: PDB "freeglut_static.pdb" wurde nicht mit "freeglut_staticd.lib(fg_display.obj)" oder an "F:\Info\GitHub\FHProjekteEtc\Blatt02L÷sung\x64\Debug\freeglut_static.pdb" gefunden; Objekt wird verkn³pft, als ob keine Debuginformationen vorhanden wõren.
freeglut_staticd.lib(fg_ext.obj) : warning LNK4099: PDB "freeglut_static.pdb" wurde nicht mit "freeglut_staticd.lib(fg_ext.obj)" oder an "F:\Info\GitHub\FHProjekteEtc\Blatt02L÷sung\x64\Debug\freeglut_static.pdb" gefunden; Objekt wird verkn³pft, als ob keine Debuginformationen vorhanden wõren.
freeglut_staticd.lib(fg_font_data.obj) : warning LNK4099: PDB "freeglut_static.pdb" wurde nicht mit "freeglut_staticd.lib(fg_font_data.obj)" oder an "F:\Info\GitHub\FHProjekteEtc\Blatt02L÷sung\x64\Debug\freeglut_static.pdb" gefunden; Objekt wird verkn³pft, als ob keine Debuginformationen vorhanden wõren.
freeglut_staticd.lib(fg_gamemode.obj) : warning LNK4099: PDB "freeglut_static.pdb" wurde nicht mit "freeglut_staticd.lib(fg_gamemode.obj)" oder an "F:\Info\GitHub\FHProjekteEtc\Blatt02L÷sung\x64\Debug\freeglut_static.pdb" gefunden; Objekt wird verkn³pft, als ob keine Debuginformationen vorhanden wõren.
freeglut_staticd.lib(fg_geometry.obj) : warning LNK4099: PDB "freeglut_static.pdb" wurde nicht mit "freeglut_staticd.lib(fg_geometry.obj)" oder an "F:\Info\GitHub\FHProjekteEtc\Blatt02L÷sung\x64\Debug\freeglut_static.pdb" gefunden; Objekt wird verkn³pft, als ob keine Debuginformationen vorhanden wõren.
freeglut_staticd.lib(fg_gl2.obj) : warning LNK4099: PDB "freeglut_static.pdb" wurde nicht mit "freeglut_staticd.lib(fg_gl2.obj)" oder an "F:\Info\GitHub\FHProjekteEtc\Blatt02L÷sung\x64\Debug\freeglut_static.pdb" gefunden; Objekt wird verkn³pft, als ob keine Debuginformationen vorhanden wõren.
freeglut_staticd.lib(fg_init.obj) : warning LNK4099: PDB "freeglut_static.pdb" wurde nicht mit "freeglut_staticd.lib(fg_init.obj)" oder an "F:\Info\GitHub\FHProjekteEtc\Blatt02L÷sung\x64\Debug\freeglut_static.pdb" gefunden; Objekt wird verkn³pft, als ob keine Debuginformationen vorhanden wõren.
freeglut_staticd.lib(fg_input_devices.obj) : warning LNK4099: PDB "freeglut_static.pdb" wurde nicht mit "freeglut_staticd.lib(fg_input_devices.obj)" oder an "F:\Info\GitHub\FHProjekteEtc\Blatt02L÷sung\x64\Debug\freeglut_static.pdb" gefunden; Objekt wird verkn³pft, als ob keine Debuginformationen vorhanden wõren.
freeglut_staticd.lib(fg_joystick.obj) : warning LNK4099: PDB "freeglut_static.pdb" wurde nicht mit "freeglut_staticd.lib(fg_joystick.obj)" oder an "F:\Info\GitHub\FHProjekteEtc\Blatt02L÷sung\x64\Debug\freeglut_static.pdb" gefunden; Objekt wird verkn³pft, als ob keine Debuginformationen vorhanden wõren.
freeglut_staticd.lib(fg_main.obj) : warning LNK4099: PDB "freeglut_static.pdb" wurde nicht mit "freeglut_staticd.lib(fg_main.obj)" oder an "F:\Info\GitHub\FHProjekteEtc\Blatt02L÷sung\x64\Debug\freeglut_static.pdb" gefunden; Objekt wird verkn³pft, als ob keine Debuginformationen vorhanden wõren.
freeglut_staticd.lib(fg_misc.obj) : warning LNK4099: PDB "freeglut_static.pdb" wurde nicht mit "freeglut_staticd.lib(fg_misc.obj)" oder an "F:\Info\GitHub\FHProjekteEtc\Blatt02L÷sung\x64\Debug\freeglut_static.pdb" gefunden; Objekt wird verkn³pft, als ob keine Debuginformationen vorhanden wõren.
freeglut_staticd.lib(fg_overlay.obj) : warning LNK4099: PDB "freeglut_static.pdb" wurde nicht mit "freeglut_staticd.lib(fg_overlay.obj)" oder an "F:\Info\GitHub\FHProjekteEtc\Blatt02L÷sung\x64\Debug\freeglut_static.pdb" gefunden; Objekt wird verkn³pft, als ob keine Debuginformationen vorhanden wõren.
freeglut_staticd.lib(fg_spaceball.obj) : warning LNK4099: PDB "freeglut_static.pdb" wurde nicht mit "freeglut_staticd.lib(fg_spaceball.obj)" oder an "F:\Info\GitHub\FHProjekteEtc\Blatt02L÷sung\x64\Debug\freeglut_static.pdb" gefunden; Objekt wird verkn³pft, als ob keine Debuginformationen vorhanden wõren.
freeglut_staticd.lib(fg_state.obj) : warning LNK4099: PDB "freeglut_static.pdb" wurde nicht mit "freeglut_staticd.lib(fg_state.obj)" oder an "F:\Info\GitHub\FHProjekteEtc\Blatt02L÷sung\x64\Debug\freeglut_static.pdb" gefunden; Objekt wird verkn³pft, als ob keine Debuginformationen vorhanden wõren.
freeglut_staticd.lib(fg_stroke_mono_roman.obj) : warning LNK4099: PDB "freeglut_static.pdb" wurde nicht mit "freeglut_staticd.lib(fg_stroke_mono_roman.obj)" oder an "F:\Info\GitHub\FHProjekteEtc\Blatt02L÷sung\x64\Debug\freeglut_static.pdb" gefunden; Objekt wird verkn³pft, als ob keine Debuginformationen vorhanden wõren.
freeglut_staticd.lib(fg_stroke_roman.obj) : warning LNK4099: PDB "freeglut_static.pdb" wurde nicht mit "freeglut_staticd.lib(fg_stroke_roman.obj)" oder an "F:\Info\GitHub\FHProjekteEtc\Blatt02L÷sung\x64\Debug\freeglut_static.pdb" gefunden; Objekt wird verkn³pft, als ob keine Debuginformationen vorhanden wõren.
freeglut_staticd.lib(fg_structure.obj) : warning LNK4099: PDB "freeglut_static.pdb" wurde nicht mit "freeglut_staticd.lib(fg_structure.obj)" oder an "F:\Info\GitHub\FHProjekteEtc\Blatt02L÷sung\x64\Debug\freeglut_static.pdb" gefunden; Objekt wird verkn³pft, als ob keine Debuginformationen vorhanden wõren.
freeglut_staticd.lib(fg_teapot.obj) : warning LNK4099: PDB "freeglut_static.pdb" wurde nicht mit "freeglut_staticd.lib(fg_teapot.obj)" oder an "F:\Info\GitHub\FHProjekteEtc\Blatt02L÷sung\x64\Debug\freeglut_static.pdb" gefunden; Objekt wird verkn³pft, als ob keine Debuginformationen vorhanden wõren.
freeglut_staticd.lib(fg_videoresize.obj) : warning LNK4099: PDB "freeglut_static.pdb" wurde nicht mit "freeglut_staticd.lib(fg_videoresize.obj)" oder an "F:\Info\GitHub\FHProjekteEtc\Blatt02L÷sung\x64\Debug\freeglut_static.pdb" gefunden; Objekt wird verkn³pft, als ob keine Debuginformationen vorhanden wõren.
freeglut_staticd.lib(fg_window.obj) : warning LNK4099: PDB "freeglut_static.pdb" wurde nicht mit "freeglut_staticd.lib(fg_window.obj)" oder an "F:\Info\GitHub\FHProjekteEtc\Blatt02L÷sung\x64\Debug\freeglut_static.pdb" gefunden; Objekt wird verkn³pft, als ob keine Debuginformationen vorhanden wõren.
freeglut_staticd.lib(fg_font.obj) : warning LNK4099: PDB "freeglut_static.pdb" wurde nicht mit "freeglut_staticd.lib(fg_font.obj)" oder an "F:\Info\GitHub\FHProjekteEtc\Blatt02L÷sung\x64\Debug\freeglut_static.pdb" gefunden; Objekt wird verkn³pft, als ob keine Debuginformationen vorhanden wõren.
freeglut_staticd.lib(fg_menu.obj) : warning LNK4099: PDB "freeglut_static.pdb" wurde nicht mit "freeglut_staticd.lib(fg_menu.obj)" oder an "F:\Info\GitHub\FHProjekteEtc\Blatt02L÷sung\x64\Debug\freeglut_static.pdb" gefunden; Objekt wird verkn³pft, als ob keine Debuginformationen vorhanden wõren.
freeglut_staticd.lib(fg_cursor_mswin.obj) : warning LNK4099: PDB "freeglut_static.pdb" wurde nicht mit "freeglut_staticd.lib(fg_cursor_mswin.obj)" oder an "F:\Info\GitHub\FHProjekteEtc\Blatt02L÷sung\x64\Debug\freeglut_static.pdb" gefunden; Objekt wird verkn³pft, als ob keine Debuginformationen vorhanden wõren.
freeglut_staticd.lib(fg_display_mswin.obj) : warning LNK4099: PDB "freeglut_static.pdb" wurde nicht mit "freeglut_staticd.lib(fg_display_mswin.obj)" oder an "F:\Info\GitHub\FHProjekteEtc\Blatt02L÷sung\x64\Debug\freeglut_static.pdb" gefunden; Objekt wird verkn³pft, als ob keine Debuginformationen vorhanden wõren.
freeglut_staticd.lib(fg_ext_mswin.obj) : warning LNK4099: PDB "freeglut_static.pdb" wurde nicht mit "freeglut_staticd.lib(fg_ext_mswin.obj)" oder an "F:\Info\GitHub\FHProjekteEtc\Blatt02L÷sung\x64\Debug\freeglut_static.pdb" gefunden; Objekt wird verkn³pft, als ob keine Debuginformationen vorhanden wõren.
freeglut_staticd.lib(fg_gamemode_mswin.obj) : warning LNK4099: PDB "freeglut_static.pdb" wurde nicht mit "freeglut_staticd.lib(fg_gamemode_mswin.obj)" oder an "F:\Info\GitHub\FHProjekteEtc\Blatt02L÷sung\x64\Debug\freeglut_static.pdb" gefunden; Objekt wird verkn³pft, als ob keine Debuginformationen vorhanden wõren.
freeglut_staticd.lib(fg_init_mswin.obj) : warning LNK4099: PDB "freeglut_static.pdb" wurde nicht mit "freeglut_staticd.lib(fg_init_mswin.obj)" oder an "F:\Info\GitHub\FHProjekteEtc\Blatt02L÷sung\x64\Debug\freeglut_static.pdb" gefunden; Objekt wird verkn³pft, als ob keine Debuginformationen vorhanden wõren.
freeglut_staticd.lib(fg_input_devices_mswin.obj) : warning LNK4099: PDB "freeglut_static.pdb" wurde nicht mit "freeglut_staticd.lib(fg_input_devices_mswin.obj)" oder an "F:\Info\GitHub\FHProjekteEtc\Blatt02L÷sung\x64\Debug\freeglut_static.pdb" gefunden; Objekt wird verkn³pft, als ob keine Debuginformationen vorhanden wõren.
freeglut_staticd.lib(fg_joystick_mswin.obj) : warning LNK4099: PDB "freeglut_static.pdb" wurde nicht mit "freeglut_staticd.lib(fg_joystick_mswin.obj)" oder an "F:\Info\GitHub\FHProjekteEtc\Blatt02L÷sung\x64\Debug\freeglut_static.pdb" gefunden; Objekt wird verkn³pft, als ob keine Debuginformationen vorhanden wõren.
freeglut_staticd.lib(fg_main_mswin.obj) : warning LNK4099: PDB "freeglut_static.pdb" wurde nicht mit "freeglut_staticd.lib(fg_main_mswin.obj)" oder an "F:\Info\GitHub\FHProjekteEtc\Blatt02L÷sung\x64\Debug\freeglut_static.pdb" gefunden; Objekt wird verkn³pft, als ob keine Debuginformationen vorhanden wõren.
freeglut_staticd.lib(fg_menu_mswin.obj) : warning LNK4099: PDB "freeglut_static.pdb" wurde nicht mit "freeglut_staticd.lib(fg_menu_mswin.obj)" oder an "F:\Info\GitHub\FHProjekteEtc\Blatt02L÷sung\x64\Debug\freeglut_static.pdb" gefunden; Objekt wird verkn³pft, als ob keine Debuginformationen vorhanden wõren.
freeglut_staticd.lib(fg_spaceball_mswin.obj) : warning LNK4099: PDB "freeglut_static.pdb" wurde nicht mit "freeglut_staticd.lib(fg_spaceball_mswin.obj)" oder an "F:\Info\GitHub\FHProjekteEtc\Blatt02L÷sung\x64\Debug\freeglut_static.pdb" gefunden; Objekt wird verkn³pft, als ob keine Debuginformationen vorhanden wõren.
freeglut_staticd.lib(fg_state_mswin.obj) : warning LNK4099: PDB "freeglut_static.pdb" wurde nicht mit "freeglut_staticd.lib(fg_state_mswin.obj)" oder an "F:\Info\GitHub\FHProjekteEtc\Blatt02L÷sung\x64\Debug\freeglut_static.pdb" gefunden; Objekt wird verkn³pft, als ob keine Debuginformationen vorhanden wõren.
freeglut_staticd.lib(fg_structure_mswin.obj) : warning LNK4099: PDB "freeglut_static.pdb" wurde nicht mit "freeglut_staticd.lib(fg_structure_mswin.obj)" oder an "F:\Info\GitHub\FHProjekteEtc\Blatt02L÷sung\x64\Debug\freeglut_static.pdb" gefunden; Objekt wird verkn³pft, als ob keine Debuginformationen vorhanden wõren.
freeglut_staticd.lib(fg_window_mswin.obj) : warning LNK4099: PDB "freeglut_static.pdb" wurde nicht mit "freeglut_staticd.lib(fg_window_mswin.obj)" oder an "F:\Info\GitHub\FHProjekteEtc\Blatt02L÷sung\x64\Debug\freeglut_static.pdb" gefunden; Objekt wird verkn³pft, als ob keine Debuginformationen vorhanden wõren.
freeglut_staticd.lib(xparsegeometry_repl.obj) : warning LNK4099: PDB "freeglut_static.pdb" wurde nicht mit "freeglut_staticd.lib(xparsegeometry_repl.obj)" oder an "F:\Info\GitHub\FHProjekteEtc\Blatt02L÷sung\x64\Debug\freeglut_static.pdb" gefunden; Objekt wird verkn³pft, als ob keine Debuginformationen vorhanden wõren.
  Blatt01.vcxproj -> F:\Info\GitHub\FHProjekteEtc\Blatt02Lösung\x64\Debug\Blatt02.exe
