\BOOKMARK [1][-]{section.1}{\376\377\000A\000u\000f\000g\000a\000b\000e\000\040\0001}{}% 1
\BOOKMARK [2][-]{subsection.1.1}{\376\377\000F\000r\000a\000g\000e\000-\000\040\000b\000z\000w\000.\000\040\000A\000u\000f\000g\000a\000b\000e\000n\000s\000t\000e\000l\000l\000u\000n\000g}{section.1}% 2
\BOOKMARK [2][-]{subsection.1.2}{\376\377\000L\000\366\000s\000u\000n\000g}{section.1}% 3
\BOOKMARK [3][-]{section*.4}{\376\377\000S\000M\000T\000P}{subsection.1.2}% 4
\BOOKMARK [3][-]{section*.5}{\376\377\000P\000O\000P\0003}{subsection.1.2}% 5
\BOOKMARK [3][-]{section*.6}{\376\377\000I\000M\000A\000P}{subsection.1.2}% 6
\BOOKMARK [2][-]{subsection.1.3}{\376\377\000E\000r\000g\000e\000b\000n\000i\000s}{section.1}% 7
\BOOKMARK [1][-]{section.2}{\376\377\000A\000u\000f\000g\000a\000b\000e\000\040\0002}{}% 8
\BOOKMARK [2][-]{subsection.2.1}{\376\377\000F\000r\000a\000g\000e\000-\000\040\000b\000z\000w\000.\000\040\000A\000u\000f\000g\000a\000b\000e\000n\000s\000t\000e\000l\000l\000u\000n\000g}{section.2}% 9
\BOOKMARK [2][-]{subsection.2.2}{\376\377\000V\000o\000r\000b\000e\000r\000e\000i\000t\000u\000n\000g}{section.2}% 10
\BOOKMARK [2][-]{subsection.2.3}{\376\377\000A\000u\000f\000g\000a\000b\000e\000n\000t\000e\000i\000l\000\040\000a\000\051}{section.2}% 11
\BOOKMARK [3][-]{section*.7}{\376\377\000F\000r\000a\000g\000e\000-\000\040\000b\000z\000w\000.\000\040\000A\000u\000f\000g\000a\000b\000e\000n\000s\000t\000e\000l\000l\000u\000n\000g}{subsection.2.3}% 12
\BOOKMARK [3][-]{section*.8}{\376\377\000L\000\366\000s\000u\000n\000g}{subsection.2.3}% 13
\BOOKMARK [3][-]{section*.9}{\376\377\000E\000r\000g\000e\000b\000n\000i\000s}{subsection.2.3}% 14
\BOOKMARK [2][-]{subsection.2.4}{\376\377\000A\000u\000f\000g\000a\000b\000e\000t\000e\000i\000l\000\040\000b\000\051}{section.2}% 15
\BOOKMARK [3][-]{section*.10}{\376\377\000F\000r\000a\000g\000e\000-\000\040\000b\000z\000w\000.\000\040\000A\000u\000f\000g\000a\000b\000e\000n\000s\000t\000e\000l\000l\000u\000n\000g}{subsection.2.4}% 16
\BOOKMARK [3][-]{section*.11}{\376\377\000L\000\366\000s\000u\000n\000g}{subsection.2.4}% 17
\BOOKMARK [3][-]{section*.12}{\376\377\000E\000r\000g\000e\000b\000n\000i\000s}{subsection.2.4}% 18
\BOOKMARK [2][-]{subsection.2.5}{\376\377\000A\000u\000f\000g\000a\000b\000e\000n\000t\000e\000i\000l\000\040\000c\000\051}{section.2}% 19
\BOOKMARK [3][-]{section*.13}{\376\377\000F\000r\000a\000g\000e\000-\000\040\000b\000z\000w\000.\000\040\000A\000u\000f\000g\000a\000b\000e\000n\000s\000t\000e\000l\000l\000u\000n\000g}{subsection.2.5}% 20
\BOOKMARK [3][-]{section*.14}{\376\377\000L\000\366\000s\000u\000n\000g}{subsection.2.5}% 21
\BOOKMARK [3][-]{section*.15}{\376\377\000E\000r\000g\000e\000b\000n\000i\000s}{subsection.2.5}% 22
\BOOKMARK [1][-]{section.3}{\376\377\000Q\000u\000e\000l\000l\000e\000n}{}% 23
